<?xml version="1.0" encoding="UTF-8"?>
<testng-results ignored="0" total="1" passed="1" failed="0" skipped="0">
  <reporter-output>
  </reporter-output>
  <suite started-at="2024-07-10T13:09:53 IST" name="Default suite" finished-at="2024-07-10T13:10:20 IST" duration-ms="27717">
    <groups>
    </groups>
    <test started-at="2024-07-10T13:09:53 IST" name="Default test" finished-at="2024-07-10T13:10:20 IST" duration-ms="27717">
      <class name="com.TestApp.SeleniumProject.TestRegistrationPage">
        <test-method signature="testRegistrationpage()[pri:0, instance:com.TestApp.SeleniumProject.TestRegistrationPage@73a1e9a9]" started-at="2024-07-10T13:09:53 IST" name="testRegistrationpage" finished-at="2024-07-10T13:10:20 IST" duration-ms="27635" status="PASS">
          <reporter-output>
          </reporter-output>
        </test-method> <!-- testRegistrationpage -->
      </class> <!-- com.TestApp.SeleniumProject.TestRegistrationPage -->
    </test> <!-- Default test -->
  </suite> <!-- Default suite -->
</testng-results>
