<?xml version="1.0" encoding="UTF-8"?>
<testng-results ignored="0" total="1" passed="1" failed="0" skipped="0">
  <reporter-output>
  </reporter-output>
  <suite started-at="2024-07-11T11:20:42 IST" name="Default suite" finished-at="2024-07-11T11:21:04 IST" duration-ms="22691">
    <groups>
      <group name="cucumber">
        <method signature="AbstractTestNGCucumberTests.runScenario(io.cucumber.testng.PickleWrapper,io.cucumber.testng.FeatureWrapper)[pri:0, instance:CucumberTestRunner.POMTestrunner@77c2494c]" name="runScenario" class="io.cucumber.testng.AbstractTestNGCucumberTests"/>
      </group> <!-- cucumber -->
    </groups>
    <test started-at="2024-07-11T11:20:42 IST" name="Default test" finished-at="2024-07-11T11:21:04 IST" duration-ms="22691">
      <class name="CucumberTestRunner.POMTestrunner">
        <test-method is-config="true" signature="setUpClass(org.testng.ITestContext)[pri:0, instance:CucumberTestRunner.POMTestrunner@77c2494c]" started-at="2024-07-11T11:20:42 IST" name="setUpClass" finished-at="2024-07-11T11:20:43 IST" duration-ms="870" status="PASS">
          <params>
            <param index="0">
              <value>
                <![CDATA[org.testng.TestRunner@2fc2a205]]>
              </value>
            </param>
          </params>
          <reporter-output>
          </reporter-output>
        </test-method> <!-- setUpClass -->
        <test-method signature="runScenario(io.cucumber.testng.PickleWrapper,io.cucumber.testng.FeatureWrapper)[pri:0, instance:CucumberTestRunner.POMTestrunner@77c2494c]" started-at="2024-07-11T11:20:43 IST" name="runScenario" description="Runs Cucumber Scenarios" data-provider="scenarios" finished-at="2024-07-11T11:21:04 IST" duration-ms="21626" status="PASS">
          <params>
            <param index="0">
              <value>
                <![CDATA["Check Login is successful with valid credentials"]]>
              </value>
            </param>
            <param index="1">
              <value>
                <![CDATA["Login Page automation of saucedemo application"]]>
              </value>
            </param>
          </params>
          <reporter-output>
          </reporter-output>
        </test-method> <!-- runScenario -->
        <test-method is-config="true" signature="tearDownClass()[pri:0, instance:CucumberTestRunner.POMTestrunner@77c2494c]" started-at="2024-07-11T11:21:04 IST" name="tearDownClass" finished-at="2024-07-11T11:21:04 IST" duration-ms="117" status="PASS">
          <reporter-output>
          </reporter-output>
        </test-method> <!-- tearDownClass -->
      </class> <!-- CucumberTestRunner.POMTestrunner -->
    </test> <!-- Default test -->
  </suite> <!-- Default suite -->
</testng-results>
